2017-07-22 11:38:51,177 INFO o.a.j.u.JMeterUtils: Setting Locale to en_IN
2017-07-22 11:38:51,195 INFO o.a.j.JMeter: Loading user properties from: user.properties
2017-07-22 11:38:51,195 INFO o.a.j.JMeter: Loading system properties from: system.properties
2017-07-22 11:38:51,202 INFO o.a.j.JMeter: Copyright (c) 1998-2017 The Apache Software Foundation
2017-07-22 11:38:51,202 INFO o.a.j.JMeter: Version 3.2 r1790748
2017-07-22 11:38:51,202 INFO o.a.j.JMeter: java.version=1.8.0_131
2017-07-22 11:38:51,202 INFO o.a.j.JMeter: java.vm.name=Java HotSpot(TM) 64-Bit Server VM
2017-07-22 11:38:51,202 INFO o.a.j.JMeter: os.name=Windows 10
2017-07-22 11:38:51,203 INFO o.a.j.JMeter: os.arch=amd64
2017-07-22 11:38:51,203 INFO o.a.j.JMeter: os.version=10.0
2017-07-22 11:38:51,203 INFO o.a.j.JMeter: file.encoding=Cp1252
2017-07-22 11:38:51,203 INFO o.a.j.JMeter: Max memory     =1884815360
2017-07-22 11:38:51,203 INFO o.a.j.JMeter: Available Processors =4
2017-07-22 11:38:51,206 INFO o.a.j.JMeter: Default Locale=English (India)
2017-07-22 11:38:51,207 INFO o.a.j.JMeter: JMeter  Locale=English (India)
2017-07-22 11:38:51,207 INFO o.a.j.JMeter: JMeterHome=D:\AbhishekVermaData\apache-jmeter-3.2
2017-07-22 11:38:51,207 INFO o.a.j.JMeter: user.dir  =D:\AbhishekVermaData\apache-jmeter-3.2\bin
2017-07-22 11:38:51,207 INFO o.a.j.JMeter: PWD       =D:\AbhishekVermaData\apache-jmeter-3.2\bin
2017-07-22 11:38:51,208 INFO o.a.j.JMeter: IP: 192.168.1.21 Name: BCSLAPY-YASHPAL FullName: BCSLAPY-YASHPAL.BCSTECH.IND
2017-07-22 11:38:51,387 INFO o.a.j.g.a.LookAndFeelCommand: Using look and feel: javax.swing.plaf.metal.MetalLookAndFeel [Metal, CrossPlatform]
2017-07-22 11:38:51,392 INFO o.a.j.JMeter: Loaded icon properties from org/apache/jmeter/images/icon.properties
2017-07-22 11:38:51,963 INFO o.a.j.e.u.CompoundVariable: Note: Function class names must contain the string: '.functions.'
2017-07-22 11:38:51,963 INFO o.a.j.e.u.CompoundVariable: Note: Function class names must not contain the string: '.gui.'
2017-07-22 11:38:52,817 INFO o.a.j.g.u.MenuFactory: Skipping org.apache.jmeter.assertions.BSFAssertion
2017-07-22 11:38:53,326 INFO o.a.j.g.u.MenuFactory: Skipping org.apache.jmeter.extractor.BSFPostProcessor
2017-07-22 11:38:53,369 INFO o.a.j.g.u.MenuFactory: Skipping org.apache.jmeter.modifiers.BSFPreProcessor
2017-07-22 11:38:53,411 INFO o.a.j.p.h.s.HTTPSamplerBase: Parser for text/html is org.apache.jmeter.protocol.http.parser.LagartoBasedHtmlParser
2017-07-22 11:38:53,411 INFO o.a.j.p.h.s.HTTPSamplerBase: Parser for application/xhtml+xml is org.apache.jmeter.protocol.http.parser.LagartoBasedHtmlParser
2017-07-22 11:38:53,411 INFO o.a.j.p.h.s.HTTPSamplerBase: Parser for application/xml is org.apache.jmeter.protocol.http.parser.LagartoBasedHtmlParser
2017-07-22 11:38:53,411 INFO o.a.j.p.h.s.HTTPSamplerBase: Parser for text/xml is org.apache.jmeter.protocol.http.parser.LagartoBasedHtmlParser
2017-07-22 11:38:53,411 INFO o.a.j.p.h.s.HTTPSamplerBase: Parser for text/vnd.wap.wml is org.apache.jmeter.protocol.http.parser.RegexpHTMLParser
2017-07-22 11:38:53,411 INFO o.a.j.p.h.s.HTTPSamplerBase: Parser for text/css is org.apache.jmeter.protocol.http.parser.CssParser
2017-07-22 11:38:54,046 INFO o.a.j.e.KeyToolUtils: keytool found at 'keytool'
2017-07-22 11:38:54,046 INFO o.a.j.p.h.p.ProxyControl: HTTP(S) Test Script Recorder SSL Proxy will use keys that support embedded 3rd party resources in file D:\AbhishekVermaData\apache-jmeter-3.2\bin\proxyserver.jks
2017-07-22 11:38:54,189 INFO o.a.j.g.u.MenuFactory: Skipping org.apache.jmeter.protocol.java.sampler.BSFSampler
2017-07-22 11:38:54,228 INFO o.a.j.s.FileServer: Default base='D:\AbhishekVermaData\apache-jmeter-3.2\bin'
2017-07-22 11:38:54,308 INFO o.a.j.g.u.MenuFactory: Skipping org.apache.jmeter.protocol.mongodb.config.MongoSourceElement
2017-07-22 11:38:54,309 INFO o.a.j.g.u.MenuFactory: Skipping org.apache.jmeter.protocol.mongodb.sampler.MongoScriptSampler
2017-07-22 11:38:54,678 INFO o.a.j.g.u.MenuFactory: Skipping org.apache.jmeter.timers.BSFTimer
2017-07-22 11:38:54,710 INFO o.a.j.g.u.MenuFactory: Skipping org.apache.jmeter.visualizers.BSFListener
2017-07-22 11:38:54,865 INFO o.a.j.s.SampleResult: Note: Sample TimeStamps are START times
2017-07-22 11:38:54,866 INFO o.a.j.s.SampleResult: sampleresult.default.encoding is set to ISO-8859-1
2017-07-22 11:38:54,866 INFO o.a.j.s.SampleResult: sampleresult.useNanoTime=true
2017-07-22 11:38:54,866 INFO o.a.j.s.SampleResult: sampleresult.nanoThreadSleep=5000
2017-07-22 12:08:34,374 INFO o.a.j.p.h.p.ProxyControl: Valid alias found for :root_ca:
2017-07-22 12:08:34,375 INFO o.a.j.p.h.p.ProxyControl: Valid alias found for :intermediate_ca:
2017-07-22 12:08:34,375 INFO o.a.j.p.h.p.Daemon: Creating Daemon Socket on port: 7777
2017-07-22 12:08:34,398 INFO o.a.j.p.h.p.Daemon: Test Script Recorder up and running!
2017-07-22 12:08:50,712 INFO o.a.j.p.h.p.Proxy: Proxy will remove the headers: If-Modified-Since,If-None-Match,Host
2017-07-22 12:08:50,758 INFO o.a.j.p.h.s.HTTPHCAbstractImpl: Local host = BCSLAPY-YASHPAL
2017-07-22 12:08:50,764 INFO o.a.j.p.h.s.HTTPHC4Impl: HTTP request retry count = 0
2017-07-22 12:08:52,088 INFO o.a.j.s.SampleEvent: List of sample_variables: []
2017-07-22 12:08:54,359 INFO o.a.j.p.h.p.Proxy: [64269] KeyStore for SSL loaded OK and put host 'tiles-cloudfront.cdn.mozilla.net' in map with key (tiles-cloudfront.cdn.mozilla.net)
2017-07-22 12:08:54,862 INFO o.a.j.p.h.s.LazySchemeSocketFactory: Setting up HTTPS TrustAll Socket Factory
2017-07-22 12:08:54,892 INFO o.a.j.u.JsseSSLManager: Using default SSL protocol: TLS
2017-07-22 12:08:54,893 INFO o.a.j.u.JsseSSLManager: SSL session context: per-thread
2017-07-22 12:08:54,901 INFO o.a.j.u.SSLManager: JmeterKeyStore Location:  type JKS
2017-07-22 12:08:54,902 INFO o.a.j.u.SSLManager: KeyStore created OK
2017-07-22 12:08:54,902 WARN o.a.j.u.SSLManager: Keystore file not found, loading empty keystore
2017-07-22 12:09:46,564 INFO o.a.j.p.h.p.Daemon: HTTP(S) Test Script Recorder stopped
2017-07-22 12:10:09,037 INFO o.a.j.p.h.p.ProxyControl: Valid alias found for :root_ca:
2017-07-22 12:10:09,037 INFO o.a.j.p.h.p.ProxyControl: Valid alias found for :intermediate_ca:
2017-07-22 12:10:09,037 INFO o.a.j.p.h.p.Daemon: Creating Daemon Socket on port: 7777
2017-07-22 12:10:09,038 INFO o.a.j.p.h.p.Daemon: Test Script Recorder up and running!
2017-07-22 12:10:15,042 INFO o.a.j.p.h.p.Daemon: HTTP(S) Test Script Recorder stopped
2017-07-22 12:12:44,559 INFO o.a.j.p.h.p.ProxyControl: Valid alias found for :root_ca:
2017-07-22 12:12:44,560 INFO o.a.j.p.h.p.ProxyControl: Valid alias found for :intermediate_ca:
2017-07-22 12:12:44,560 INFO o.a.j.p.h.p.Daemon: Creating Daemon Socket on port: 8888
2017-07-22 12:12:44,564 INFO o.a.j.p.h.p.Daemon: Test Script Recorder up and running!
2017-07-22 12:13:46,596 INFO o.a.j.p.h.p.Daemon: HTTP(S) Test Script Recorder stopped
2017-07-22 12:13:54,588 INFO o.a.j.p.h.p.ProxyControl: Valid alias found for :root_ca:
2017-07-22 12:13:54,588 INFO o.a.j.p.h.p.ProxyControl: Valid alias found for :intermediate_ca:
2017-07-22 12:13:54,589 INFO o.a.j.p.h.p.Daemon: Creating Daemon Socket on port: 7777
2017-07-22 12:13:54,590 INFO o.a.j.p.h.p.Daemon: Test Script Recorder up and running!
2017-07-22 12:14:07,286 INFO o.a.j.p.h.p.Proxy: [64479] KeyStore for SSL loaded OK and put host 'incoming.telemetry.mozilla.org' in map with key (incoming.telemetry.mozilla.org)
2017-07-22 12:15:34,125 INFO o.a.j.p.h.p.Proxy: [64499] KeyStore for SSL loaded OK and put host 'services.addons.mozilla.org' in map with key (services.addons.mozilla.org)
2017-07-22 12:15:37,279 INFO o.a.j.p.h.p.Proxy: [64503] KeyStore for SSL loaded OK and put host 'versioncheck-bg.addons.mozilla.org' in map with key (versioncheck-bg.addons.mozilla.org)
2017-07-22 12:15:37,330 WARN o.a.j.p.h.p.HttpRequestHdr: Url 'https://versioncheck-bg.addons.mozilla.org:443/update/VersionCheck.php?reqVersion=2&id=firebug@software.joehewitt.com&version=2.0.19&maxAppVersion=54.*&status=userEnabled&appID={ec8030f7-c20a-464f-9b0e-13a3a9e97384}&appVersion=54.0.1&appOS=WINNT&appABI=x86-msvc&locale=en-US&currentAppVersion=54.0.1&updateType=112&compatMode=normal' contains unsafe characters, will escape it, message:Illegal character in query at index 177: https://versioncheck-bg.addons.mozilla.org:443/update/VersionCheck.php?reqVersion=2&id=firebug@software.joehewitt.com&version=2.0.19&maxAppVersion=54.*&status=userEnabled&appID={ec8030f7-c20a-464f-9b0e-13a3a9e97384}&appVersion=54.0.1&appOS=WINNT&appABI=x86-msvc&locale=en-US&currentAppVersion=54.0.1&updateType=112&compatMode=normal
2017-07-22 12:15:37,330 WARN o.a.j.p.h.p.HttpRequestHdr: Url 'https://versioncheck-bg.addons.mozilla.org:443/update/VersionCheck.php?reqVersion=2&id=jsdeobfuscator@adblockplus.org&version=2.0.4&maxAppVersion=55.*&status=userEnabled&appID={ec8030f7-c20a-464f-9b0e-13a3a9e97384}&appVersion=54.0.1&appOS=WINNT&appABI=x86-msvc&locale=en-US&currentAppVersion=54.0.1&updateType=112&compatMode=normal' contains unsafe characters, will escape it, message:Illegal character in query at index 176: https://versioncheck-bg.addons.mozilla.org:443/update/VersionCheck.php?reqVersion=2&id=jsdeobfuscator@adblockplus.org&version=2.0.4&maxAppVersion=55.*&status=userEnabled&appID={ec8030f7-c20a-464f-9b0e-13a3a9e97384}&appVersion=54.0.1&appOS=WINNT&appABI=x86-msvc&locale=en-US&currentAppVersion=54.0.1&updateType=112&compatMode=normal
2017-07-22 12:15:37,330 WARN o.a.j.p.h.p.HttpRequestHdr: Url 'https://versioncheck-bg.addons.mozilla.org:443/update/VersionCheck.php?reqVersion=2&id=FireXPath@pierre.tholence.com&version=0.9.7.1.1-signed.1-signed&maxAppVersion=55.*&status=userEnabled&appID={ec8030f7-c20a-464f-9b0e-13a3a9e97384}&appVersion=54.0.1&appOS=WINNT&appABI=x86-msvc&locale=en-US&currentAppVersion=54.0.1&updateType=112&compatMode=normal' contains unsafe characters, will escape it, message:Illegal character in query at index 195: https://versioncheck-bg.addons.mozilla.org:443/update/VersionCheck.php?reqVersion=2&id=FireXPath@pierre.tholence.com&version=0.9.7.1.1-signed.1-signed&maxAppVersion=55.*&status=userEnabled&appID={ec8030f7-c20a-464f-9b0e-13a3a9e97384}&appVersion=54.0.1&appOS=WINNT&appABI=x86-msvc&locale=en-US&currentAppVersion=54.0.1&updateType=112&compatMode=normal
2017-07-22 12:15:37,334 WARN o.a.j.p.h.p.HttpRequestHdr: Url 'https://versioncheck-bg.addons.mozilla.org:443/update/VersionCheck.php?reqVersion=2&id=e10srollout@mozilla.org&version=1.50&maxAppVersion=54.*&status=userEnabled&appID={ec8030f7-c20a-464f-9b0e-13a3a9e97384}&appVersion=54.0.1&appOS=WINNT&appABI=x86-msvc&locale=en-US&currentAppVersion=54.0.1&updateType=112&compatMode=normal' contains unsafe characters, will escape it, message:Illegal character in query at index 168: https://versioncheck-bg.addons.mozilla.org:443/update/VersionCheck.php?reqVersion=2&id=e10srollout@mozilla.org&version=1.50&maxAppVersion=54.*&status=userEnabled&appID={ec8030f7-c20a-464f-9b0e-13a3a9e97384}&appVersion=54.0.1&appOS=WINNT&appABI=x86-msvc&locale=en-US&currentAppVersion=54.0.1&updateType=112&compatMode=normal
2017-07-22 12:15:37,340 WARN o.a.j.p.h.p.HttpRequestHdr: Url 'https://versioncheck-bg.addons.mozilla.org:443/update/VersionCheck.php?reqVersion=2&id=firefox@getpocket.com&version=1.0.5&maxAppVersion=54.*&status=userEnabled&appID={ec8030f7-c20a-464f-9b0e-13a3a9e97384}&appVersion=54.0.1&appOS=WINNT&appABI=x86-msvc&locale=en-US&currentAppVersion=54.0.1&updateType=112&compatMode=normal' contains unsafe characters, will escape it, message:Illegal character in query at index 167: https://versioncheck-bg.addons.mozilla.org:443/update/VersionCheck.php?reqVersion=2&id=firefox@getpocket.com&version=1.0.5&maxAppVersion=54.*&status=userEnabled&appID={ec8030f7-c20a-464f-9b0e-13a3a9e97384}&appVersion=54.0.1&appOS=WINNT&appABI=x86-msvc&locale=en-US&currentAppVersion=54.0.1&updateType=112&compatMode=normal
2017-07-22 12:15:37,343 WARN o.a.j.p.h.p.HttpRequestHdr: Url 'https://versioncheck-bg.addons.mozilla.org:443/update/VersionCheck.php?reqVersion=2&id=aushelper@mozilla.org&version=2.0&maxAppVersion=54.*&status=userEnabled&appID={ec8030f7-c20a-464f-9b0e-13a3a9e97384}&appVersion=54.0.1&appOS=WINNT&appABI=x86-msvc&locale=en-US&currentAppVersion=54.0.1&updateType=112&compatMode=normal' contains unsafe characters, will escape it, message:Illegal character in query at index 165: https://versioncheck-bg.addons.mozilla.org:443/update/VersionCheck.php?reqVersion=2&id=aushelper@mozilla.org&version=2.0&maxAppVersion=54.*&status=userEnabled&appID={ec8030f7-c20a-464f-9b0e-13a3a9e97384}&appVersion=54.0.1&appOS=WINNT&appABI=x86-msvc&locale=en-US&currentAppVersion=54.0.1&updateType=112&compatMode=normal
2017-07-22 12:15:39,268 WARN o.a.j.p.h.p.HttpRequestHdr: Url 'https://versioncheck-bg.addons.mozilla.org:443/update/VersionCheck.php?reqVersion=2&id=webcompat@mozilla.org&version=1.1&maxAppVersion=54.*&status=userEnabled&appID={ec8030f7-c20a-464f-9b0e-13a3a9e97384}&appVersion=54.0.1&appOS=WINNT&appABI=x86-msvc&locale=en-US&currentAppVersion=54.0.1&updateType=112&compatMode=normal' contains unsafe characters, will escape it, message:Illegal character in query at index 165: https://versioncheck-bg.addons.mozilla.org:443/update/VersionCheck.php?reqVersion=2&id=webcompat@mozilla.org&version=1.1&maxAppVersion=54.*&status=userEnabled&appID={ec8030f7-c20a-464f-9b0e-13a3a9e97384}&appVersion=54.0.1&appOS=WINNT&appABI=x86-msvc&locale=en-US&currentAppVersion=54.0.1&updateType=112&compatMode=normal
2017-07-22 12:15:39,271 WARN o.a.j.p.h.p.HttpRequestHdr: Url 'https://versioncheck-bg.addons.mozilla.org:443/update/VersionCheck.php?reqVersion=2&id=screenshots@mozilla.org&version=6.6.0&maxAppVersion=*&status=userEnabled&appID={ec8030f7-c20a-464f-9b0e-13a3a9e97384}&appVersion=54.0.1&appOS=WINNT&appABI=x86-msvc&locale=en-US&currentAppVersion=54.0.1&updateType=112&compatMode=normal' contains unsafe characters, will escape it, message:Illegal character in query at index 166: https://versioncheck-bg.addons.mozilla.org:443/update/VersionCheck.php?reqVersion=2&id=screenshots@mozilla.org&version=6.6.0&maxAppVersion=*&status=userEnabled&appID={ec8030f7-c20a-464f-9b0e-13a3a9e97384}&appVersion=54.0.1&appOS=WINNT&appABI=x86-msvc&locale=en-US&currentAppVersion=54.0.1&updateType=112&compatMode=normal
2017-07-22 12:15:39,295 WARN o.a.j.p.h.p.HttpRequestHdr: Url 'https://versioncheck-bg.addons.mozilla.org:443/update/VersionCheck.php?reqVersion=2&id={972ce4c6-7e08-4474-a285-3208198ce6fd}&version=54.0.1&maxAppVersion=54.0.1&status=userEnabled&appID={ec8030f7-c20a-464f-9b0e-13a3a9e97384}&appVersion=54.0.1&appOS=WINNT&appABI=x86-msvc&locale=en-US&currentAppVersion=54.0.1&updateType=112&compatMode=normal' contains unsafe characters, will escape it, message:Illegal character in query at index 87: https://versioncheck-bg.addons.mozilla.org:443/update/VersionCheck.php?reqVersion=2&id={972ce4c6-7e08-4474-a285-3208198ce6fd}&version=54.0.1&maxAppVersion=54.0.1&status=userEnabled&appID={ec8030f7-c20a-464f-9b0e-13a3a9e97384}&appVersion=54.0.1&appOS=WINNT&appABI=x86-msvc&locale=en-US&currentAppVersion=54.0.1&updateType=112&compatMode=normal
2017-07-22 12:15:39,576 WARN o.a.j.p.h.p.HttpRequestHdr: Url 'https://versioncheck-bg.addons.mozilla.org:443/update/VersionCheck.php?reqVersion=2&id={7eb3f691-25b4-4a85-9038-9e57e2bcd537}&version=0.4.4.1-signed.1-signed&maxAppVersion=26.*&status=userEnabled&appID={ec8030f7-c20a-464f-9b0e-13a3a9e97384}&appVersion=54.0.1&appOS=WINNT&appABI=x86-msvc&locale=en-US&currentAppVersion=54.0.1&updateType=112&compatMode=normal' contains unsafe characters, will escape it, message:Illegal character in query at index 87: https://versioncheck-bg.addons.mozilla.org:443/update/VersionCheck.php?reqVersion=2&id={7eb3f691-25b4-4a85-9038-9e57e2bcd537}&version=0.4.4.1-signed.1-signed&maxAppVersion=26.*&status=userEnabled&appID={ec8030f7-c20a-464f-9b0e-13a3a9e97384}&appVersion=54.0.1&appOS=WINNT&appABI=x86-msvc&locale=en-US&currentAppVersion=54.0.1&updateType=112&compatMode=normal
2017-07-22 12:15:39,595 WARN o.a.j.p.h.p.HttpRequestHdr: Url 'https://versioncheck-bg.addons.mozilla.org:443/update/VersionCheck.php?reqVersion=2&id={4ED1F68A-5463-4931-9384-8FFF5ED91D92}&version=5.0.540.0&maxAppVersion=51.*&status=userEnabled&appID={ec8030f7-c20a-464f-9b0e-13a3a9e97384}&appVersion=54.0.1&appOS=WINNT&appABI=x86-msvc&locale=en-US&currentAppVersion=54.0.1&updateType=112&compatMode=normal' contains unsafe characters, will escape it, message:Illegal character in query at index 87: https://versioncheck-bg.addons.mozilla.org:443/update/VersionCheck.php?reqVersion=2&id={4ED1F68A-5463-4931-9384-8FFF5ED91D92}&version=5.0.540.0&maxAppVersion=51.*&status=userEnabled&appID={ec8030f7-c20a-464f-9b0e-13a3a9e97384}&appVersion=54.0.1&appOS=WINNT&appABI=x86-msvc&locale=en-US&currentAppVersion=54.0.1&updateType=112&compatMode=normal
2017-07-22 12:17:00,822 INFO o.a.j.p.h.p.Daemon: HTTP(S) Test Script Recorder stopped
2017-07-22 12:17:33,205 INFO o.a.j.p.h.c.CacheManager: Will only cache the following methods: [GET]
2017-07-22 12:18:01,014 INFO o.a.j.p.h.c.CookieManager: Settings: Delete null: true Check: true Allow variable: true Save: false Prefix: COOKIE_
2017-07-22 12:18:43,250 INFO o.a.j.s.FileServer: Set new base='C:\Users\yashpal.singh\Desktop'
2017-07-22 12:18:43,412 INFO o.a.j.s.SaveService: Testplan (JMX) version: 2.2. Testlog (JTL) version: 2.2
2017-07-22 12:18:43,416 INFO o.a.j.s.SaveService: Using SaveService properties file encoding UTF-8
2017-07-22 12:18:43,417 INFO o.a.j.s.SaveService: Using SaveService properties version 3.2
2017-07-22 12:19:00,591 INFO o.a.j.e.StandardJMeterEngine: Running the test!
2017-07-22 12:19:00,592 INFO o.a.j.s.SampleEvent: List of sample_variables: []
2017-07-22 12:19:00,597 INFO o.a.j.g.u.JMeterMenuBar: setRunning(true, *local*)
2017-07-22 12:19:00,819 INFO o.a.j.e.StandardJMeterEngine: Starting ThreadGroup: 1 : Thread Group
2017-07-22 12:19:00,820 INFO o.a.j.e.StandardJMeterEngine: Starting 1 threads for group Thread Group.
2017-07-22 12:19:00,820 INFO o.a.j.e.StandardJMeterEngine: Thread will continue on error
2017-07-22 12:19:00,821 INFO o.a.j.t.ThreadGroup: Starting thread group... number=1 threads=1 ramp-up=1 perThread=1000.0 delayedStart=false
2017-07-22 12:19:00,827 INFO o.a.j.t.ThreadGroup: Started thread group number 1
2017-07-22 12:19:00,827 INFO o.a.j.e.StandardJMeterEngine: All thread groups have been started
2017-07-22 12:19:00,828 INFO o.a.j.t.JMeterThread: Thread started: Thread Group 1-1
2017-07-22 12:19:21,974 INFO o.a.j.t.JMeterThread: Thread is done: Thread Group 1-1
2017-07-22 12:19:21,975 INFO o.a.j.t.JMeterThread: Thread finished: Thread Group 1-1
2017-07-22 12:19:21,975 INFO o.a.j.e.StandardJMeterEngine: Notifying test listeners of end of test
2017-07-22 12:19:21,976 INFO o.a.j.g.u.JMeterMenuBar: setRunning(false, *local*)
2017-07-22 12:19:38,930 INFO o.a.j.e.StandardJMeterEngine: Running the test!
2017-07-22 12:19:38,931 INFO o.a.j.s.SampleEvent: List of sample_variables: []
2017-07-22 12:19:38,933 INFO o.a.j.g.u.JMeterMenuBar: setRunning(true, *local*)
2017-07-22 12:19:39,249 INFO o.a.j.e.StandardJMeterEngine: Starting ThreadGroup: 1 : Thread Group
2017-07-22 12:19:39,249 INFO o.a.j.e.StandardJMeterEngine: Starting 1 threads for group Thread Group.
2017-07-22 12:19:39,249 INFO o.a.j.e.StandardJMeterEngine: Thread will continue on error
2017-07-22 12:19:39,249 INFO o.a.j.t.ThreadGroup: Starting thread group... number=1 threads=1 ramp-up=1 perThread=1000.0 delayedStart=false
2017-07-22 12:19:39,250 INFO o.a.j.t.ThreadGroup: Started thread group number 1
2017-07-22 12:19:39,250 INFO o.a.j.e.StandardJMeterEngine: All thread groups have been started
2017-07-22 12:19:39,251 INFO o.a.j.t.JMeterThread: Thread started: Thread Group 1-1
2017-07-22 12:19:52,447 INFO o.a.j.t.JMeterThread: Thread is done: Thread Group 1-1
2017-07-22 12:19:52,447 INFO o.a.j.t.JMeterThread: Thread finished: Thread Group 1-1
2017-07-22 12:19:52,448 INFO o.a.j.e.StandardJMeterEngine: Notifying test listeners of end of test
2017-07-22 12:19:52,449 INFO o.a.j.g.u.JMeterMenuBar: setRunning(false, *local*)
2017-07-22 12:20:58,271 INFO o.a.j.e.StandardJMeterEngine: Running the test!
2017-07-22 12:20:58,271 INFO o.a.j.s.SampleEvent: List of sample_variables: []
2017-07-22 12:20:58,272 INFO o.a.j.g.u.JMeterMenuBar: setRunning(true, *local*)
2017-07-22 12:20:58,278 INFO o.a.j.e.StandardJMeterEngine: Starting ThreadGroup: 1 : Thread Group
2017-07-22 12:20:58,279 INFO o.a.j.e.StandardJMeterEngine: Starting 2 threads for group Thread Group.
2017-07-22 12:20:58,279 INFO o.a.j.e.StandardJMeterEngine: Thread will continue on error
2017-07-22 12:20:58,279 INFO o.a.j.t.ThreadGroup: Starting thread group... number=1 threads=2 ramp-up=2 perThread=1000.0 delayedStart=false
2017-07-22 12:20:58,280 INFO o.a.j.t.ThreadGroup: Started thread group number 1
2017-07-22 12:20:58,280 INFO o.a.j.e.StandardJMeterEngine: All thread groups have been started
2017-07-22 12:20:58,281 INFO o.a.j.t.JMeterThread: Thread started: Thread Group 1-1
2017-07-22 12:20:59,281 INFO o.a.j.t.JMeterThread: Thread started: Thread Group 1-2
2017-07-22 12:21:04,432 INFO o.a.j.t.JMeterThread: Thread is done: Thread Group 1-1
2017-07-22 12:21:04,432 INFO o.a.j.t.JMeterThread: Thread finished: Thread Group 1-1
2017-07-22 12:21:04,998 INFO o.a.j.t.JMeterThread: Thread is done: Thread Group 1-2
2017-07-22 12:21:04,999 INFO o.a.j.t.JMeterThread: Thread finished: Thread Group 1-2
2017-07-22 12:21:05,001 INFO o.a.j.e.StandardJMeterEngine: Notifying test listeners of end of test
2017-07-22 12:21:05,001 INFO o.a.j.g.u.JMeterMenuBar: setRunning(false, *local*)
2017-07-22 12:21:55,563 INFO o.a.j.e.StandardJMeterEngine: Running the test!
2017-07-22 12:21:55,563 INFO o.a.j.s.SampleEvent: List of sample_variables: []
2017-07-22 12:21:55,564 INFO o.a.j.g.u.JMeterMenuBar: setRunning(true, *local*)
2017-07-22 12:21:55,571 INFO o.a.j.e.StandardJMeterEngine: Starting ThreadGroup: 1 : Thread Group
2017-07-22 12:21:55,571 INFO o.a.j.e.StandardJMeterEngine: Starting 2 threads for group Thread Group.
2017-07-22 12:21:55,571 INFO o.a.j.e.StandardJMeterEngine: Thread will continue on error
2017-07-22 12:21:55,571 INFO o.a.j.t.ThreadGroup: Starting thread group... number=1 threads=2 ramp-up=2 perThread=1000.0 delayedStart=false
2017-07-22 12:21:55,572 INFO o.a.j.t.ThreadGroup: Started thread group number 1
2017-07-22 12:21:55,573 INFO o.a.j.e.StandardJMeterEngine: All thread groups have been started
2017-07-22 12:21:55,573 INFO o.a.j.t.JMeterThread: Thread started: Thread Group 1-1
2017-07-22 12:21:56,576 INFO o.a.j.t.JMeterThread: Thread started: Thread Group 1-2
2017-07-22 12:22:06,711 INFO o.a.j.t.JMeterThread: Thread is done: Thread Group 1-1
2017-07-22 12:22:06,712 INFO o.a.j.t.JMeterThread: Thread finished: Thread Group 1-1
2017-07-22 12:22:07,717 INFO o.a.j.t.JMeterThread: Thread is done: Thread Group 1-2
2017-07-22 12:22:07,718 INFO o.a.j.t.JMeterThread: Thread finished: Thread Group 1-2
2017-07-22 12:22:07,719 INFO o.a.j.e.StandardJMeterEngine: Notifying test listeners of end of test
2017-07-22 12:22:07,719 INFO o.a.j.g.u.JMeterMenuBar: setRunning(false, *local*)
